[2016-08-01 11:58:50] alias_create_execute
alias_create_execute () 
{ 
    for _path in "$rvm_rubies_path" "$rvm_environments_path" "$rvm_wrappers_path";
    do
        if [[ -L "$_path/$alias_name" ]]; then
            \command \rm -fv "$_path/$alias_name" || return $?;
        fi;
        \command \ln -fs "$_path/$rvm_ruby_string" "$_path/$alias_name" || return $?;
    done;
    __rvm_db_ "$rvm_path/config/alias" "$alias_name" "$rvm_ruby_string"
}
current path: /home/systemadmin
GEM_HOME=/home/systemadmin/.rvm/gems/ruby-2.3.0
PATH=/home/systemadmin/.rvm/gems/ruby-2.3.0/bin:/home/systemadmin/.rvm/gems/ruby-2.3.0@global/bin:/usr/share/rvm/rubies/ruby-2.3.0/bin:/usr/share/rvm/bin:/home/systemadmin/.rvm/gems/ruby-2.3.0/bin:/home/systemadmin/.rvm/gems/ruby-2.3.0@global/bin:/home/systemadmin/bin:/home/systemadmin/.local/bin:/home/systemadmin/bin:/home/systemadmin/.local/bin:/usr/local/sbin:/usr/local/bin:/usr/sbin:/usr/bin:/sbin:/bin:/usr/games:/usr/local/games:/snap/bin:/snap/bin
GEM_PATH=/home/systemadmin/.rvm/gems/ruby-2.3.0:/home/systemadmin/.rvm/gems/ruby-2.3.0@global
command(1): alias_create_execute
+ for _path in '"$rvm_rubies_path"' '"$rvm_environments_path"' '"$rvm_wrappers_path"'
+ [[ -L /usr/share/rvm/rubies/default ]]
+ command ln -fs /usr/share/rvm/rubies/ruby-2.3.0 /usr/share/rvm/rubies/default
+ ln -fs /usr/share/rvm/rubies/ruby-2.3.0 /usr/share/rvm/rubies/default
+ for _path in '"$rvm_rubies_path"' '"$rvm_environments_path"' '"$rvm_wrappers_path"'
+ [[ -L /home/systemadmin/.rvm/environments/default ]]
+ command ln -fs /home/systemadmin/.rvm/environments/ruby-2.3.0 /home/systemadmin/.rvm/environments/default
+ ln -fs /home/systemadmin/.rvm/environments/ruby-2.3.0 /home/systemadmin/.rvm/environments/default
+ for _path in '"$rvm_rubies_path"' '"$rvm_environments_path"' '"$rvm_wrappers_path"'
+ [[ -L /home/systemadmin/.rvm/wrappers/default ]]
+ command ln -fs /home/systemadmin/.rvm/wrappers/ruby-2.3.0 /home/systemadmin/.rvm/wrappers/default
+ ln -fs /home/systemadmin/.rvm/wrappers/ruby-2.3.0 /home/systemadmin/.rvm/wrappers/default
+ __rvm_db_ /usr/share/rvm/config/alias default ruby-2.3.0
+ typeset __db __key __value
+ __db=/usr/share/rvm/config/alias
+ __key=default
+ shift 2
+ __value=ruby-2.3.0
+ case "${__value}" in
+ __rvm_db_add /usr/share/rvm/config/alias default ruby-2.3.0
+ typeset __dir=/usr/share/rvm/config
+ [[ -f /usr/share/rvm/config/alias ]]
+ __rvm_db_remove /usr/share/rvm/config/alias default
+ [[ -f /usr/share/rvm/config/alias ]]
+ __rvm_sed -e '\#^default=# d' -e '/^$/d' /usr/share/rvm/config/alias
+ sed -e '\#^default=# d' -e '/^$/d' /usr/share/rvm/config/alias
+ command mv -f /usr/share/rvm/config/alias.new /usr/share/rvm/config/alias
+ mv -f /usr/share/rvm/config/alias.new /usr/share/rvm/config/alias
+ printf '%b=%b\n' default ruby-2.3.0
